
  Reaction-diffusion model
  C/MPI parallel code
  Number of processors available = 500
  US = 0.744485 	 VS = 1.666667 	 WS = 21.088235
  
   Initial conditions are saved!
  Total number of iterations will be executed: 50000000
  Iteration stated!
  
  Iteration = 0 	 time = 0.00
  Iteration = 10000 	 time = 1.00
  Iteration = 20000 	 time = 2.00
  Iteration = 30000 	 time = 3.00
  Iteration = 40000 	 time = 4.00
  Iteration = 50000 	 time = 5.00
  Iteration = 60000 	 time = 6.00
  Iteration = 70000 	 time = 7.00
  Iteration = 80000 	 time = 8.00
  Iteration = 90000 	 time = 9.00
  Iteration = 100000 	 time = 10.00
  Iteration = 110000 	 time = 11.00
  Iteration = 120000 	 time = 12.00
  Iteration = 130000 	 time = 13.00
  Iteration = 140000 	 time = 14.00
  Iteration = 150000 	 time = 15.00
  Iteration = 160000 	 time = 16.00
  Iteration = 170000 	 time = 17.00
  Iteration = 180000 	 time = 18.00
  Iteration = 190000 	 time = 19.00
  Iteration = 200000 	 time = 20.00
  Iteration = 210000 	 time = 21.00
  Iteration = 220000 	 time = 22.00
  Iteration = 230000 	 time = 23.00
  Iteration = 240000 	 time = 24.00
  Iteration = 250000 	 time = 25.00
  Iteration = 260000 	 time = 26.00
  Iteration = 270000 	 time = 27.00
  Iteration = 280000 	 time = 28.00
  Iteration = 290000 	 time = 29.00
  Iteration = 300000 	 time = 30.00
  Iteration = 310000 	 time = 31.00
  Iteration = 320000 	 time = 32.00
  Iteration = 330000 	 time = 33.00
  Iteration = 340000 	 time = 34.00
  Iteration = 350000 	 time = 35.00
  Iteration = 360000 	 time = 36.00
  Iteration = 370000 	 time = 37.00
  Iteration = 380000 	 time = 38.00
  Iteration = 390000 	 time = 39.00
  Iteration = 400000 	 time = 40.00
  Iteration = 410000 	 time = 41.00
  Iteration = 420000 	 time = 42.00
  Iteration = 430000 	 time = 43.00
  Iteration = 440000 	 time = 44.00
  Iteration = 450000 	 time = 45.00
  Iteration = 460000 	 time = 46.00
  Iteration = 470000 	 time = 47.00
  Iteration = 480000 	 time = 48.00
  Iteration = 490000 	 time = 49.00
  Iteration = 500000 	 time = 50.00
  Iteration = 510000 	 time = 51.00
  Iteration = 520000 	 time = 52.00
  Iteration = 530000 	 time = 53.00
  Iteration = 540000 	 time = 54.00
  Iteration = 550000 	 time = 55.00
  Iteration = 560000 	 time = 56.00
  Iteration = 570000 	 time = 57.00
  Iteration = 580000 	 time = 58.00
  Iteration = 590000 	 time = 59.00
  Iteration = 600000 	 time = 60.00
  Iteration = 610000 	 time = 61.00
  Iteration = 620000 	 time = 62.00
  Iteration = 630000 	 time = 63.00
  Iteration = 640000 	 time = 64.00
  Iteration = 650000 	 time = 65.00
  Iteration = 660000 	 time = 66.00
  Iteration = 670000 	 time = 67.00
  Iteration = 680000 	 time = 68.00
  Iteration = 690000 	 time = 69.00
  Iteration = 700000 	 time = 70.00
  Iteration = 710000 	 time = 71.00
  Iteration = 720000 	 time = 72.00
  Iteration = 730000 	 time = 73.00
  Iteration = 740000 	 time = 74.00
  Iteration = 750000 	 time = 75.00
  Iteration = 760000 	 time = 76.00
  Iteration = 770000 	 time = 77.00
  Iteration = 780000 	 time = 78.00
  Iteration = 790000 	 time = 79.00
  Iteration = 800000 	 time = 80.00
  Iteration = 810000 	 time = 81.00
  Iteration = 820000 	 time = 82.00
  Iteration = 830000 	 time = 83.00
  Iteration = 840000 	 time = 84.00
  Iteration = 850000 	 time = 85.00
  Iteration = 860000 	 time = 86.00
  Iteration = 870000 	 time = 87.00
  Iteration = 880000 	 time = 88.00
  Iteration = 890000 	 time = 89.00
  Iteration = 900000 	 time = 90.00
  Iteration = 910000 	 time = 91.00
  Iteration = 920000 	 time = 92.00
  Iteration = 930000 	 time = 93.00
  Iteration = 940000 	 time = 94.00
  Iteration = 950000 	 time = 95.00
  Iteration = 960000 	 time = 96.00
  Iteration = 970000 	 time = 97.00
  Iteration = 980000 	 time = 98.00
  Iteration = 990000 	 time = 99.00
  Iteration = 1000000 	 time = 100.00
  Iteration = 1010000 	 time = 101.00
  Iteration = 1020000 	 time = 102.00
  Iteration = 1030000 	 time = 103.00
  Iteration = 1040000 	 time = 104.00
  Iteration = 1050000 	 time = 105.00
  Iteration = 1060000 	 time = 106.00
  Iteration = 1070000 	 time = 107.00
  Iteration = 1080000 	 time = 108.00
  Iteration = 1090000 	 time = 109.00
  Iteration = 1100000 	 time = 110.00
  Iteration = 1110000 	 time = 111.00
  Iteration = 1120000 	 time = 112.00
  Iteration = 1130000 	 time = 113.00
  Iteration = 1140000 	 time = 114.00
  Iteration = 1150000 	 time = 115.00
  Iteration = 1160000 	 time = 116.00
  Iteration = 1170000 	 time = 117.00
  Iteration = 1180000 	 time = 118.00
  Iteration = 1190000 	 time = 119.00
  Iteration = 1200000 	 time = 120.00
  Iteration = 1210000 	 time = 121.00
  Iteration = 1220000 	 time = 122.00
  Iteration = 1230000 	 time = 123.00
  Iteration = 1240000 	 time = 124.00
  Iteration = 1250000 	 time = 125.00
  Iteration = 1260000 	 time = 126.00
  Iteration = 1270000 	 time = 127.00
  Iteration = 1280000 	 time = 128.00
  Iteration = 1290000 	 time = 129.00
  Iteration = 1300000 	 time = 130.00
  Iteration = 1310000 	 time = 131.00
  Iteration = 1320000 	 time = 132.00
  Iteration = 1330000 	 time = 133.00
  Iteration = 1340000 	 time = 134.00
  Iteration = 1350000 	 time = 135.00
  Iteration = 1360000 	 time = 136.00
  Iteration = 1370000 	 time = 137.00
  Iteration = 1380000 	 time = 138.00
  Iteration = 1390000 	 time = 139.00
  Iteration = 1400000 	 time = 140.00
  Iteration = 1410000 	 time = 141.00
  Iteration = 1420000 	 time = 142.00
  Iteration = 1430000 	 time = 143.00
  Iteration = 1440000 	 time = 144.00
  Iteration = 1450000 	 time = 145.00
  Iteration = 1460000 	 time = 146.00
  Iteration = 1470000 	 time = 147.00
  Iteration = 1480000 	 time = 148.00
  Iteration = 1490000 	 time = 149.00
  Iteration = 1500000 	 time = 150.00
  Iteration = 1510000 	 time = 151.00
  Iteration = 1520000 	 time = 152.00
  Iteration = 1530000 	 time = 153.00
  Iteration = 1540000 	 time = 154.00
  Iteration = 1550000 	 time = 155.00
  Iteration = 1560000 	 time = 156.00
  Iteration = 1570000 	 time = 157.00
  Iteration = 1580000 	 time = 158.00
  Iteration = 1590000 	 time = 159.00
  Iteration = 1600000 	 time = 160.00
  Iteration = 1610000 	 time = 161.00
  Iteration = 1620000 	 time = 162.00
  Iteration = 1630000 	 time = 163.00
  Iteration = 1640000 	 time = 164.00
  Iteration = 1650000 	 time = 165.00
  Iteration = 1660000 	 time = 166.00
  Iteration = 1670000 	 time = 167.00
  Iteration = 1680000 	 time = 168.00
  Iteration = 1690000 	 time = 169.00
  Iteration = 1700000 	 time = 170.00
  Iteration = 1710000 	 time = 171.00
  Iteration = 1720000 	 time = 172.00
  Iteration = 1730000 	 time = 173.00
  Iteration = 1740000 	 time = 174.00
  Iteration = 1750000 	 time = 175.00
  Iteration = 1760000 	 time = 176.00
  Iteration = 1770000 	 time = 177.00
  Iteration = 1780000 	 time = 178.00
  Iteration = 1790000 	 time = 179.00
  Iteration = 1800000 	 time = 180.00
  Iteration = 1810000 	 time = 181.00
  Iteration = 1820000 	 time = 182.00
  Iteration = 1830000 	 time = 183.00
  Iteration = 1840000 	 time = 184.00
  Iteration = 1850000 	 time = 185.00
  Iteration = 1860000 	 time = 186.00
  Iteration = 1870000 	 time = 187.00
  Iteration = 1880000 	 time = 188.00
  Iteration = 1890000 	 time = 189.00
  Iteration = 1900000 	 time = 190.00
  Iteration = 1910000 	 time = 191.00
  Iteration = 1920000 	 time = 192.00
  Iteration = 1930000 	 time = 193.00
  Iteration = 1940000 	 time = 194.00
  Iteration = 1950000 	 time = 195.00
  Iteration = 1960000 	 time = 196.00
  Iteration = 1970000 	 time = 197.00
  Iteration = 1980000 	 time = 198.00
  Iteration = 1990000 	 time = 199.00
  Iteration = 2000000 	 time = 200.00
  Iteration = 2010000 	 time = 201.00
  Iteration = 2020000 	 time = 202.00
  Iteration = 2030000 	 time = 203.00
  Iteration = 2040000 	 time = 204.00
  Iteration = 2050000 	 time = 205.00
  Iteration = 2060000 	 time = 206.00
  Iteration = 2070000 	 time = 207.00
  Iteration = 2080000 	 time = 208.00
  Iteration = 2090000 	 time = 209.00
  Iteration = 2100000 	 time = 210.00
  Iteration = 2110000 	 time = 211.00
  Iteration = 2120000 	 time = 212.00
  Iteration = 2130000 	 time = 213.00
  Iteration = 2140000 	 time = 214.00
  Iteration = 2150000 	 time = 215.00
  Iteration = 2160000 	 time = 216.00
  Iteration = 2170000 	 time = 217.00
  Iteration = 2180000 	 time = 218.00
  Iteration = 2190000 	 time = 219.00
  Iteration = 2200000 	 time = 220.00
  Iteration = 2210000 	 time = 221.00
  Iteration = 2220000 	 time = 222.00
  Iteration = 2230000 	 time = 223.00
  Iteration = 2240000 	 time = 224.00
  Iteration = 2250000 	 time = 225.00
  Iteration = 2260000 	 time = 226.00
  Iteration = 2270000 	 time = 227.00
  Iteration = 2280000 	 time = 228.00
  Iteration = 2290000 	 time = 229.00
  Iteration = 2300000 	 time = 230.00
  Iteration = 2310000 	 time = 231.00
  Iteration = 2320000 	 time = 232.00
  Iteration = 2330000 	 time = 233.00
  Iteration = 2340000 	 time = 234.00
  Iteration = 2350000 	 time = 235.00
  Iteration = 2360000 	 time = 236.00
  Iteration = 2370000 	 time = 237.00
  Iteration = 2380000 	 time = 238.00
  Iteration = 2390000 	 time = 239.00
  Iteration = 2400000 	 time = 240.00
  Iteration = 2410000 	 time = 241.00
  Iteration = 2420000 	 time = 242.00
  Iteration = 2430000 	 time = 243.00
  Iteration = 2440000 	 time = 244.00
  Iteration = 2450000 	 time = 245.00
  Iteration = 2460000 	 time = 246.00
  Iteration = 2470000 	 time = 247.00
  Iteration = 2480000 	 time = 248.00
  Iteration = 2490000 	 time = 249.00
  Iteration = 2500000 	 time = 250.00
  Iteration = 2510000 	 time = 251.00
  Iteration = 2520000 	 time = 252.00
  Iteration = 2530000 	 time = 253.00
  Iteration = 2540000 	 time = 254.00
  Iteration = 2550000 	 time = 255.00
  Iteration = 2560000 	 time = 256.00
  Iteration = 2570000 	 time = 257.00
  Iteration = 2580000 	 time = 258.00
  Iteration = 2590000 	 time = 259.00
  Iteration = 2600000 	 time = 260.00
  Iteration = 2610000 	 time = 261.00
  Iteration = 2620000 	 time = 262.00
  Iteration = 2630000 	 time = 263.00
  Iteration = 2640000 	 time = 264.00
  Iteration = 2650000 	 time = 265.00
  Iteration = 2660000 	 time = 266.00
  Iteration = 2670000 	 time = 267.00
  Iteration = 2680000 	 time = 268.00
  Iteration = 2690000 	 time = 269.00
  Iteration = 2700000 	 time = 270.00
  Iteration = 2710000 	 time = 271.00
  Iteration = 2720000 	 time = 272.00
  Iteration = 2730000 	 time = 273.00
  Iteration = 2740000 	 time = 274.00
  Iteration = 2750000 	 time = 275.00
  Iteration = 2760000 	 time = 276.00
  Iteration = 2770000 	 time = 277.00
  Iteration = 2780000 	 time = 278.00
  Iteration = 2790000 	 time = 279.00
  Iteration = 2800000 	 time = 280.00
  Iteration = 2810000 	 time = 281.00
  Iteration = 2820000 	 time = 282.00
  Iteration = 2830000 	 time = 283.00
  Iteration = 2840000 	 time = 284.00
  Iteration = 2850000 	 time = 285.00
  Iteration = 2860000 	 time = 286.00
  Iteration = 2870000 	 time = 287.00
  Iteration = 2880000 	 time = 288.00
  Iteration = 2890000 	 time = 289.00
  Iteration = 2900000 	 time = 290.00
  Iteration = 2910000 	 time = 291.00
  Iteration = 2920000 	 time = 292.00
  Iteration = 2930000 	 time = 293.00
  Iteration = 2940000 	 time = 294.00
  Iteration = 2950000 	 time = 295.00
  Iteration = 2960000 	 time = 296.00
  Iteration = 2970000 	 time = 297.00
  Iteration = 2980000 	 time = 298.00
  Iteration = 2990000 	 time = 299.00
  Iteration = 3000000 	 time = 300.00
  Iteration = 3010000 	 time = 301.00
  Iteration = 3020000 	 time = 302.00
  Iteration = 3030000 	 time = 303.00
  Iteration = 3040000 	 time = 304.00
  Iteration = 3050000 	 time = 305.00
  Iteration = 3060000 	 time = 306.00
  Iteration = 3070000 	 time = 307.00
  Iteration = 3080000 	 time = 308.00
  Iteration = 3090000 	 time = 309.00
  Iteration = 3100000 	 time = 310.00
  Iteration = 3110000 	 time = 311.00
  Iteration = 3120000 	 time = 312.00
  Iteration = 3130000 	 time = 313.00
  Iteration = 3140000 	 time = 314.00
  Iteration = 3150000 	 time = 315.00
  Iteration = 3160000 	 time = 316.00
  Iteration = 3170000 	 time = 317.00
  Iteration = 3180000 	 time = 318.00
  Iteration = 3190000 	 time = 319.00
  Iteration = 3200000 	 time = 320.00
  Iteration = 3210000 	 time = 321.00
  Iteration = 3220000 	 time = 322.00
  Iteration = 3230000 	 time = 323.00
  Iteration = 3240000 	 time = 324.00
  Iteration = 3250000 	 time = 325.00
  Iteration = 3260000 	 time = 326.00
  Iteration = 3270000 	 time = 327.00
  Iteration = 3280000 	 time = 328.00
  Iteration = 3290000 	 time = 329.00
  Iteration = 3300000 	 time = 330.00
  Iteration = 3310000 	 time = 331.00
  Iteration = 3320000 	 time = 332.00
  Iteration = 3330000 	 time = 333.00
  Iteration = 3340000 	 time = 334.00
  Iteration = 3350000 	 time = 335.00
  Iteration = 3360000 	 time = 336.00
  Iteration = 3370000 	 time = 337.00
  Iteration = 3380000 	 time = 338.00
  Iteration = 3390000 	 time = 339.00
  Iteration = 3400000 	 time = 340.00
  Iteration = 3410000 	 time = 341.00
  Iteration = 3420000 	 time = 342.00
  Iteration = 3430000 	 time = 343.00
  Iteration = 3440000 	 time = 344.00
  Iteration = 3450000 	 time = 345.00
  Iteration = 3460000 	 time = 346.00
  Iteration = 3470000 	 time = 347.00
  Iteration = 3480000 	 time = 348.00
  Iteration = 3490000 	 time = 349.00
  Iteration = 3500000 	 time = 350.00
  Iteration = 3510000 	 time = 351.00
  Iteration = 3520000 	 time = 352.00
  Iteration = 3530000 	 time = 353.00
  Iteration = 3540000 	 time = 354.00
  Iteration = 3550000 	 time = 355.00
  Iteration = 3560000 	 time = 356.00
  Iteration = 3570000 	 time = 357.00
  Iteration = 3580000 	 time = 358.00
  Iteration = 3590000 	 time = 359.00
  Iteration = 3600000 	 time = 360.00
  Iteration = 3610000 	 time = 361.00
  Iteration = 3620000 	 time = 362.00
  Iteration = 3630000 	 time = 363.00
  Iteration = 3640000 	 time = 364.00
  Iteration = 3650000 	 time = 365.00
  Iteration = 3660000 	 time = 366.00
  Iteration = 3670000 	 time = 367.00
  Iteration = 3680000 	 time = 368.00
  Iteration = 3690000 	 time = 369.00
  Iteration = 3700000 	 time = 370.00
  Iteration = 3710000 	 time = 371.00
  Iteration = 3720000 	 time = 372.00
  Iteration = 3730000 	 time = 373.00
  Iteration = 3740000 	 time = 374.00
  Iteration = 3750000 	 time = 375.00
  Iteration = 3760000 	 time = 376.00
  Iteration = 3770000 	 time = 377.00
  Iteration = 3780000 	 time = 378.00
  Iteration = 3790000 	 time = 379.00
  Iteration = 3800000 	 time = 380.00
  Iteration = 3810000 	 time = 381.00
  Iteration = 3820000 	 time = 382.00
  Iteration = 3830000 	 time = 383.00
  Iteration = 3840000 	 time = 384.00
  Iteration = 3850000 	 time = 385.00
  Iteration = 3860000 	 time = 386.00
  Iteration = 3870000 	 time = 387.00
  Iteration = 3880000 	 time = 388.00
  Iteration = 3890000 	 time = 389.00
  Iteration = 3900000 	 time = 390.00
  Iteration = 3910000 	 time = 391.00
  Iteration = 3920000 	 time = 392.00
  Iteration = 3930000 	 time = 393.00
  Iteration = 3940000 	 time = 394.00
  Iteration = 3950000 	 time = 395.00
  Iteration = 3960000 	 time = 396.00
  Iteration = 3970000 	 time = 397.00
  Iteration = 3980000 	 time = 398.00
  Iteration = 3990000 	 time = 399.00
  Iteration = 4000000 	 time = 400.00
  Iteration = 4010000 	 time = 401.00
  Iteration = 4020000 	 time = 402.00
  Iteration = 4030000 	 time = 403.00
  Iteration = 4040000 	 time = 404.00
  Iteration = 4050000 	 time = 405.00
  Iteration = 4060000 	 time = 406.00
  Iteration = 4070000 	 time = 407.00
  Iteration = 4080000 	 time = 408.00
  Iteration = 4090000 	 time = 409.00
  Iteration = 4100000 	 time = 410.00
  Iteration = 4110000 	 time = 411.00
  Iteration = 4120000 	 time = 412.00
  Iteration = 4130000 	 time = 413.00
  Iteration = 4140000 	 time = 414.00
  Iteration = 4150000 	 time = 415.00
  Iteration = 4160000 	 time = 416.00
  Iteration = 4170000 	 time = 417.00
  Iteration = 4180000 	 time = 418.00
  Iteration = 4190000 	 time = 419.00
  Iteration = 4200000 	 time = 420.00
  Iteration = 4210000 	 time = 421.00
  Iteration = 4220000 	 time = 422.00
  Iteration = 4230000 	 time = 423.00
  Iteration = 4240000 	 time = 424.00
  Iteration = 4250000 	 time = 425.00
  Iteration = 4260000 	 time = 426.00
  Iteration = 4270000 	 time = 427.00
  Iteration = 4280000 	 time = 428.00
  Iteration = 4290000 	 time = 429.00
  Iteration = 4300000 	 time = 430.00
  Iteration = 4310000 	 time = 431.00
  Iteration = 4320000 	 time = 432.00
  Iteration = 4330000 	 time = 433.00
  Iteration = 4340000 	 time = 434.00
  Iteration = 4350000 	 time = 435.00
  Iteration = 4360000 	 time = 436.00
  Iteration = 4370000 	 time = 437.00
  Iteration = 4380000 	 time = 438.00
  Iteration = 4390000 	 time = 439.00
  Iteration = 4400000 	 time = 440.00
  Iteration = 4410000 	 time = 441.00
  Iteration = 4420000 	 time = 442.00
  Iteration = 4430000 	 time = 443.00
  Iteration = 4440000 	 time = 444.00
  Iteration = 4450000 	 time = 445.00
  Iteration = 4460000 	 time = 446.00
  Iteration = 4470000 	 time = 447.00
  Iteration = 4480000 	 time = 448.00
  Iteration = 4490000 	 time = 449.00
  Iteration = 4500000 	 time = 450.00
  Iteration = 4510000 	 time = 451.00
  Iteration = 4520000 	 time = 452.00
  Iteration = 4530000 	 time = 453.00
  Iteration = 4540000 	 time = 454.00
  Iteration = 4550000 	 time = 455.00
  Iteration = 4560000 	 time = 456.00
  Iteration = 4570000 	 time = 457.00
  Iteration = 4580000 	 time = 458.00
  Iteration = 4590000 	 time = 459.00
  Iteration = 4600000 	 time = 460.00
  Iteration = 4610000 	 time = 461.00
  Iteration = 4620000 	 time = 462.00
  Iteration = 4630000 	 time = 463.00
  Iteration = 4640000 	 time = 464.00
  Iteration = 4650000 	 time = 465.00
  Iteration = 4660000 	 time = 466.00
  Iteration = 4670000 	 time = 467.00
  Iteration = 4680000 	 time = 468.00
  Iteration = 4690000 	 time = 469.00
  Iteration = 4700000 	 time = 470.00
  Iteration = 4710000 	 time = 471.00
  Iteration = 4720000 	 time = 472.00
  Iteration = 4730000 	 time = 473.00
  Iteration = 4740000 	 time = 474.00
  Iteration = 4750000 	 time = 475.00
  Iteration = 4760000 	 time = 476.00
  Iteration = 4770000 	 time = 477.00
  Iteration = 4780000 	 time = 478.00
  Iteration = 4790000 	 time = 479.00
  Iteration = 4800000 	 time = 480.00
  Iteration = 4810000 	 time = 481.00
  Iteration = 4820000 	 time = 482.00
  Iteration = 4830000 	 time = 483.00
  Iteration = 4840000 	 time = 484.00
  Iteration = 4850000 	 time = 485.00
  Iteration = 4860000 	 time = 486.00
  Iteration = 4870000 	 time = 487.00
  Iteration = 4880000 	 time = 488.00
  Iteration = 4890000 	 time = 489.00
  Iteration = 4900000 	 time = 490.00
  Iteration = 4910000 	 time = 491.00
  Iteration = 4920000 	 time = 492.00
  Iteration = 4930000 	 time = 493.00
  Iteration = 4940000 	 time = 494.00
  Iteration = 4950000 	 time = 495.00
  Iteration = 4960000 	 time = 496.00
  Iteration = 4970000 	 time = 497.00
  Iteration = 4980000 	 time = 498.00
  Iteration = 4990000 	 time = 499.00
  Iteration = 5000000 	 time = 500.00
  Iteration = 5010000 	 time = 501.00
  Iteration = 5020000 	 time = 502.00
  Iteration = 5030000 	 time = 503.00
  Iteration = 5040000 	 time = 504.00
  Iteration = 5050000 	 time = 505.00
  Iteration = 5060000 	 time = 506.00
  Iteration = 5070000 	 time = 507.00
  Iteration = 5080000 	 time = 508.00
  Iteration = 5090000 	 time = 509.00
  Iteration = 5100000 	 time = 510.00
  Iteration = 5110000 	 time = 511.00
  Iteration = 5120000 	 time = 512.00
  Iteration = 5130000 	 time = 513.00
  Iteration = 5140000 	 time = 514.00
  Iteration = 5150000 	 time = 515.00
  Iteration = 5160000 	 time = 516.00
  Iteration = 5170000 	 time = 517.00
  Iteration = 5180000 	 time = 518.00
  Iteration = 5190000 	 time = 519.00
  Iteration = 5200000 	 time = 520.00
  Iteration = 5210000 	 time = 521.00
  Iteration = 5220000 	 time = 522.00
  Iteration = 5230000 	 time = 523.00
  Iteration = 5240000 	 time = 524.00
  Iteration = 5250000 	 time = 525.00
  Iteration = 5260000 	 time = 526.00
  Iteration = 5270000 	 time = 527.00
  Iteration = 5280000 	 time = 528.00
  Iteration = 5290000 	 time = 529.00
  Iteration = 5300000 	 time = 530.00
  Iteration = 5310000 	 time = 531.00
  Iteration = 5320000 	 time = 532.00
  Iteration = 5330000 	 time = 533.00
  Iteration = 5340000 	 time = 534.00
  Iteration = 5350000 	 time = 535.00
  Iteration = 5360000 	 time = 536.00
  Iteration = 5370000 	 time = 537.00
  Iteration = 5380000 	 time = 538.00
  Iteration = 5390000 	 time = 539.00
  Iteration = 5400000 	 time = 540.00
  Iteration = 5410000 	 time = 541.00
  Iteration = 5420000 	 time = 542.00
  Iteration = 5430000 	 time = 543.00
  Iteration = 5440000 	 time = 544.00
  Iteration = 5450000 	 time = 545.00
  Iteration = 5460000 	 time = 546.00
  Iteration = 5470000 	 time = 547.00
  Iteration = 5480000 	 time = 548.00
  Iteration = 5490000 	 time = 549.00
  Iteration = 5500000 	 time = 550.00
  Iteration = 5510000 	 time = 551.00
  Iteration = 5520000 	 time = 552.00
  Iteration = 5530000 	 time = 553.00
  Iteration = 5540000 	 time = 554.00
  Iteration = 5550000 	 time = 555.00
  Iteration = 5560000 	 time = 556.00
  Iteration = 5570000 	 time = 557.00
  Iteration = 5580000 	 time = 558.00
  Iteration = 5590000 	 time = 559.00
  Iteration = 5600000 	 time = 560.00
  Iteration = 5610000 	 time = 561.00
  Iteration = 5620000 	 time = 562.00
  Iteration = 5630000 	 time = 563.00
  Iteration = 5640000 	 time = 564.00
  Iteration = 5650000 	 time = 565.00
  Iteration = 5660000 	 time = 566.00
  Iteration = 5670000 	 time = 567.00
  Iteration = 5680000 	 time = 568.00
  Iteration = 5690000 	 time = 569.00
  Iteration = 5700000 	 time = 570.00
  Iteration = 5710000 	 time = 571.00
  Iteration = 5720000 	 time = 572.00
  Iteration = 5730000 	 time = 573.00
  Iteration = 5740000 	 time = 574.00
  Iteration = 5750000 	 time = 575.00
  Iteration = 5760000 	 time = 576.00
  Iteration = 5770000 	 time = 577.00
  Iteration = 5780000 	 time = 578.00
  Iteration = 5790000 	 time = 579.00
  Iteration = 5800000 	 time = 580.00
  Iteration = 5810000 	 time = 581.00
  Iteration = 5820000 	 time = 582.00
  Iteration = 5830000 	 time = 583.00
  Iteration = 5840000 	 time = 584.00
  Iteration = 5850000 	 time = 585.00
  Iteration = 5860000 	 time = 586.00
  Iteration = 5870000 	 time = 587.00
  Iteration = 5880000 	 time = 588.00
  Iteration = 5890000 	 time = 589.00
  Iteration = 5900000 	 time = 590.00
  Iteration = 5910000 	 time = 591.00
  Iteration = 5920000 	 time = 592.00
  Iteration = 5930000 	 time = 593.00
  Iteration = 5940000 	 time = 594.00
  Iteration = 5950000 	 time = 595.00
  Iteration = 5960000 	 time = 596.00
  Iteration = 5970000 	 time = 597.00
  Iteration = 5980000 	 time = 598.00
  Iteration = 5990000 	 time = 599.00
  Iteration = 6000000 	 time = 600.00
  Iteration = 6010000 	 time = 601.00
  Iteration = 6020000 	 time = 602.00
  Iteration = 6030000 	 time = 603.00
  Iteration = 6040000 	 time = 604.00
  Iteration = 6050000 	 time = 605.00
  Iteration = 6060000 	 time = 606.00
  Iteration = 6070000 	 time = 607.00
  Iteration = 6080000 	 time = 608.00
  Iteration = 6090000 	 time = 609.00
  Iteration = 6100000 	 time = 610.00
  Iteration = 6110000 	 time = 611.00
  Iteration = 6120000 	 time = 612.00
  Iteration = 6130000 	 time = 613.00
  Iteration = 6140000 	 time = 614.00
  Iteration = 6150000 	 time = 615.00
  Iteration = 6160000 	 time = 616.00
  Iteration = 6170000 	 time = 617.00
  Iteration = 6180000 	 time = 618.00
  Iteration = 6190000 	 time = 619.00
  Iteration = 6200000 	 time = 620.00
  Iteration = 6210000 	 time = 621.00
  Iteration = 6220000 	 time = 622.00
  Iteration = 6230000 	 time = 623.00
  Iteration = 6240000 	 time = 624.00
  Iteration = 6250000 	 time = 625.00
  Iteration = 6260000 	 time = 626.00
  Iteration = 6270000 	 time = 627.00
  Iteration = 6280000 	 time = 628.00
  Iteration = 6290000 	 time = 629.00
  Iteration = 6300000 	 time = 630.00
  Iteration = 6310000 	 time = 631.00
  Iteration = 6320000 	 time = 632.00
  Iteration = 6330000 	 time = 633.00
  Iteration = 6340000 	 time = 634.00
  Iteration = 6350000 	 time = 635.00
  Iteration = 6360000 	 time = 636.00
  Iteration = 6370000 	 time = 637.00
  Iteration = 6380000 	 time = 638.00
  Iteration = 6390000 	 time = 639.00
  Iteration = 6400000 	 time = 640.00
  Iteration = 6410000 	 time = 641.00
  Iteration = 6420000 	 time = 642.00
  Iteration = 6430000 	 time = 643.00
  Iteration = 6440000 	 time = 644.00
  Iteration = 6450000 	 time = 645.00
  Iteration = 6460000 	 time = 646.00
  Iteration = 6470000 	 time = 647.00
  Iteration = 6480000 	 time = 648.00
  Iteration = 6490000 	 time = 649.00
  Iteration = 6500000 	 time = 650.00
  Iteration = 6510000 	 time = 651.00
  Iteration = 6520000 	 time = 652.00
  Iteration = 6530000 	 time = 653.00
  Iteration = 6540000 	 time = 654.00
  Iteration = 6550000 	 time = 655.00
  Iteration = 6560000 	 time = 656.00
  Iteration = 6570000 	 time = 657.00
  Iteration = 6580000 	 time = 658.00
  Iteration = 6590000 	 time = 659.00
  Iteration = 6600000 	 time = 660.00
  Iteration = 6610000 	 time = 661.00
  Iteration = 6620000 	 time = 662.00
  Iteration = 6630000 	 time = 663.00
  Iteration = 6640000 	 time = 664.00
  Iteration = 6650000 	 time = 665.00
  Iteration = 6660000 	 time = 666.00
  Iteration = 6670000 	 time = 667.00
  Iteration = 6680000 	 time = 668.00
  Iteration = 6690000 	 time = 669.00
  Iteration = 6700000 	 time = 670.00
  Iteration = 6710000 	 time = 671.00
  Iteration = 6720000 	 time = 672.00
  Iteration = 6730000 	 time = 673.00
  Iteration = 6740000 	 time = 674.00
  Iteration = 6750000 	 time = 675.00
  Iteration = 6760000 	 time = 676.00
  Iteration = 6770000 	 time = 677.00
  Iteration = 6780000 	 time = 678.00
  Iteration = 6790000 	 time = 679.00
  Iteration = 6800000 	 time = 680.00
  Iteration = 6810000 	 time = 681.00
  Iteration = 6820000 	 time = 682.00
  Iteration = 6830000 	 time = 683.00
  Iteration = 6840000 	 time = 684.00
  Iteration = 6850000 	 time = 685.00
  Iteration = 6860000 	 time = 686.00
  Iteration = 6870000 	 time = 687.00
  Iteration = 6880000 	 time = 688.00
  Iteration = 6890000 	 time = 689.00
  Iteration = 6900000 	 time = 690.00
  Iteration = 6910000 	 time = 691.00
  Iteration = 6920000 	 time = 692.00
  Iteration = 6930000 	 time = 693.00
  Iteration = 6940000 	 time = 694.00
  Iteration = 6950000 	 time = 695.00
  Iteration = 6960000 	 time = 696.00
  Iteration = 6970000 	 time = 697.00
  Iteration = 6980000 	 time = 698.00
  Iteration = 6990000 	 time = 699.00
  Iteration = 7000000 	 time = 700.00
  Iteration = 7010000 	 time = 701.00
  Iteration = 7020000 	 time = 702.00
  Iteration = 7030000 	 time = 703.00
  Iteration = 7040000 	 time = 704.00
  Iteration = 7050000 	 time = 705.00
  Iteration = 7060000 	 time = 706.00
  Iteration = 7070000 	 time = 707.00
  Iteration = 7080000 	 time = 708.00
  Iteration = 7090000 	 time = 709.00
  Iteration = 7100000 	 time = 710.00
  Iteration = 7110000 	 time = 711.00
  Iteration = 7120000 	 time = 712.00
  Iteration = 7130000 	 time = 713.00
  Iteration = 7140000 	 time = 714.00
  Iteration = 7150000 	 time = 715.00
  Iteration = 7160000 	 time = 716.00
  Iteration = 7170000 	 time = 717.00
  Iteration = 7180000 	 time = 718.00
  Iteration = 7190000 	 time = 719.00
  Iteration = 7200000 	 time = 720.00
  Iteration = 7210000 	 time = 721.00
  Iteration = 7220000 	 time = 722.00
  Iteration = 7230000 	 time = 723.00
  Iteration = 7240000 	 time = 724.00
  Iteration = 7250000 	 time = 725.00
  Iteration = 7260000 	 time = 726.00
  Iteration = 7270000 	 time = 727.00
  Iteration = 7280000 	 time = 728.00
  Iteration = 7290000 	 time = 729.00
  Iteration = 7300000 	 time = 730.00
  Iteration = 7310000 	 time = 731.00
  Iteration = 7320000 	 time = 732.00
  Iteration = 7330000 	 time = 733.00
  Iteration = 7340000 	 time = 734.00
  Iteration = 7350000 	 time = 735.00
  Iteration = 7360000 	 time = 736.00
  Iteration = 7370000 	 time = 737.00
  Iteration = 7380000 	 time = 738.00
  Iteration = 7390000 	 time = 739.00
  Iteration = 7400000 	 time = 740.00
  Iteration = 7410000 	 time = 741.00
  Iteration = 7420000 	 time = 742.00
  Iteration = 7430000 	 time = 743.00
  Iteration = 7440000 	 time = 744.00
  Iteration = 7450000 	 time = 745.00
  Iteration = 7460000 	 time = 746.00
  Iteration = 7470000 	 time = 747.00
  Iteration = 7480000 	 time = 748.00
  Iteration = 7490000 	 time = 749.00
  Iteration = 7500000 	 time = 750.00
  Iteration = 7510000 	 time = 751.00
  Iteration = 7520000 	 time = 752.00
  Iteration = 7530000 	 time = 753.00
  Iteration = 7540000 	 time = 754.00
  Iteration = 7550000 	 time = 755.00
  Iteration = 7560000 	 time = 756.00
  Iteration = 7570000 	 time = 757.00
  Iteration = 7580000 	 time = 758.00
  Iteration = 7590000 	 time = 759.00
  Iteration = 7600000 	 time = 760.00
  Iteration = 7610000 	 time = 761.00
  Iteration = 7620000 	 time = 762.00
  Iteration = 7630000 	 time = 763.00
  Iteration = 7640000 	 time = 764.00
  Iteration = 7650000 	 time = 765.00
  Iteration = 7660000 	 time = 766.00
  Iteration = 7670000 	 time = 767.00
  Iteration = 7680000 	 time = 768.00
  Iteration = 7690000 	 time = 769.00
  Iteration = 7700000 	 time = 770.00
  Iteration = 7710000 	 time = 771.00
  Iteration = 7720000 	 time = 772.00
  Iteration = 7730000 	 time = 773.00
  Iteration = 7740000 	 time = 774.00
  Iteration = 7750000 	 time = 775.00
  Iteration = 7760000 	 time = 776.00
  Iteration = 7770000 	 time = 777.00
  Iteration = 7780000 	 time = 778.00
  Iteration = 7790000 	 time = 779.00
  Iteration = 7800000 	 time = 780.00
  Iteration = 7810000 	 time = 781.00
  Iteration = 7820000 	 time = 782.00
  Iteration = 7830000 	 time = 783.00
  Iteration = 7840000 	 time = 784.00
  Iteration = 7850000 	 time = 785.00
  Iteration = 7860000 	 time = 786.00
  Iteration = 7870000 	 time = 787.00
  Iteration = 7880000 	 time = 788.00
  Iteration = 7890000 	 time = 789.00
  Iteration = 7900000 	 time = 790.00
  Iteration = 7910000 	 time = 791.00
  Iteration = 7920000 	 time = 792.00
  Iteration = 7930000 	 time = 793.00
  Iteration = 7940000 	 time = 794.00
  Iteration = 7950000 	 time = 795.00
  Iteration = 7960000 	 time = 796.00
  Iteration = 7970000 	 time = 797.00
  Iteration = 7980000 	 time = 798.00
  Iteration = 7990000 	 time = 799.00
  Iteration = 8000000 	 time = 800.00
  Iteration = 8010000 	 time = 801.00
  Iteration = 8020000 	 time = 802.00
  Iteration = 8030000 	 time = 803.00
  Iteration = 8040000 	 time = 804.00
  Iteration = 8050000 	 time = 805.00
  Iteration = 8060000 	 time = 806.00
  Iteration = 8070000 	 time = 807.00
  Iteration = 8080000 	 time = 808.00
  Iteration = 8090000 	 time = 809.00
  Iteration = 8100000 	 time = 810.00
  Iteration = 8110000 	 time = 811.00
  Iteration = 8120000 	 time = 812.00
  Iteration = 8130000 	 time = 813.00
  Iteration = 8140000 	 time = 814.00
  Iteration = 8150000 	 time = 815.00
  Iteration = 8160000 	 time = 816.00
  Iteration = 8170000 	 time = 817.00
  Iteration = 8180000 	 time = 818.00
  Iteration = 8190000 	 time = 819.00
  Iteration = 8200000 	 time = 820.00
  Iteration = 8210000 	 time = 821.00
  Iteration = 8220000 	 time = 822.00
  Iteration = 8230000 	 time = 823.00
  Iteration = 8240000 	 time = 824.00
  Iteration = 8250000 	 time = 825.00
  Iteration = 8260000 	 time = 826.00
  Iteration = 8270000 	 time = 827.00
  Iteration = 8280000 	 time = 828.00
  Iteration = 8290000 	 time = 829.00
  Iteration = 8300000 	 time = 830.00
  Iteration = 8310000 	 time = 831.00
  Iteration = 8320000 	 time = 832.00
  Iteration = 8330000 	 time = 833.00
  Iteration = 8340000 	 time = 834.00
  Iteration = 8350000 	 time = 835.00
  Iteration = 8360000 	 time = 836.00
  Iteration = 8370000 	 time = 837.00
  Iteration = 8380000 	 time = 838.00
  Iteration = 8390000 	 time = 839.00
  Iteration = 8400000 	 time = 840.00
  Iteration = 8410000 	 time = 841.00
  Iteration = 8420000 	 time = 842.00
  Iteration = 8430000 	 time = 843.00
  Iteration = 8440000 	 time = 844.00
  Iteration = 8450000 	 time = 845.00
  Iteration = 8460000 	 time = 846.00
  Iteration = 8470000 	 time = 847.00
  Iteration = 8480000 	 time = 848.00
  Iteration = 8490000 	 time = 849.00
  Iteration = 8500000 	 time = 850.00
  Iteration = 8510000 	 time = 851.00
  Iteration = 8520000 	 time = 852.00
  Iteration = 8530000 	 time = 853.00
  Iteration = 8540000 	 time = 854.00
  Iteration = 8550000 	 time = 855.00
  Iteration = 8560000 	 time = 856.00
  Iteration = 8570000 	 time = 857.00
  Iteration = 8580000 	 time = 858.00
  Iteration = 8590000 	 time = 859.00
  Iteration = 8600000 	 time = 860.00
  Iteration = 8610000 	 time = 861.00
  Iteration = 8620000 	 time = 862.00
  Iteration = 8630000 	 time = 863.00
  Iteration = 8640000 	 time = 864.00
  Iteration = 8650000 	 time = 865.00
  Iteration = 8660000 	 time = 866.00
  Iteration = 8670000 	 time = 867.00
  Iteration = 8680000 	 time = 868.00
  Iteration = 8690000 	 time = 869.00
  Iteration = 8700000 	 time = 870.00
  Iteration = 8710000 	 time = 871.00
  Iteration = 8720000 	 time = 872.00
  Iteration = 8730000 	 time = 873.00
  Iteration = 8740000 	 time = 874.00
  Iteration = 8750000 	 time = 875.00
  Iteration = 8760000 	 time = 876.00
  Iteration = 8770000 	 time = 877.00
  Iteration = 8780000 	 time = 878.00
  Iteration = 8790000 	 time = 879.00
  Iteration = 8800000 	 time = 880.00
  Iteration = 8810000 	 time = 881.00
  Iteration = 8820000 	 time = 882.00
  Iteration = 8830000 	 time = 883.00
  Iteration = 8840000 	 time = 884.00
  Iteration = 8850000 	 time = 885.00
  Iteration = 8860000 	 time = 886.00
  Iteration = 8870000 	 time = 887.00
  Iteration = 8880000 	 time = 888.00
  Iteration = 8890000 	 time = 889.00
  Iteration = 8900000 	 time = 890.00
  Iteration = 8910000 	 time = 891.00
  Iteration = 8920000 	 time = 892.00
  Iteration = 8930000 	 time = 893.00
  Iteration = 8940000 	 time = 894.00
  Iteration = 8950000 	 time = 895.00
  Iteration = 8960000 	 time = 896.00
  Iteration = 8970000 	 time = 897.00
  Iteration = 8980000 	 time = 898.00
  Iteration = 8990000 	 time = 899.00
  Iteration = 9000000 	 time = 900.00
  Iteration = 9010000 	 time = 901.00
  Iteration = 9020000 	 time = 902.00
  Iteration = 9030000 	 time = 903.00
  Iteration = 9040000 	 time = 904.00
  Iteration = 9050000 	 time = 905.00
  Iteration = 9060000 	 time = 906.00
  Iteration = 9070000 	 time = 907.00
  Iteration = 9080000 	 time = 908.00
  Iteration = 9090000 	 time = 909.00
  Iteration = 9100000 	 time = 910.00
  Iteration = 9110000 	 time = 911.00
  Iteration = 9120000 	 time = 912.00
  Iteration = 9130000 	 time = 913.00
  Iteration = 9140000 	 time = 914.00
  Iteration = 9150000 	 time = 915.00
  Iteration = 9160000 	 time = 916.00
  Iteration = 9170000 	 time = 917.00
  Iteration = 9180000 	 time = 918.00
  Iteration = 9190000 	 time = 919.00
  Iteration = 9200000 	 time = 920.00
  Iteration = 9210000 	 time = 921.00
  Iteration = 9220000 	 time = 922.00
  Iteration = 9230000 	 time = 923.00
  Iteration = 9240000 	 time = 924.00
  Iteration = 9250000 	 time = 925.00
  Iteration = 9260000 	 time = 926.00
  Iteration = 9270000 	 time = 927.00
  Iteration = 9280000 	 time = 928.00
  Iteration = 9290000 	 time = 929.00
  Iteration = 9300000 	 time = 930.00
  Iteration = 9310000 	 time = 931.00
  Iteration = 9320000 	 time = 932.00
  Iteration = 9330000 	 time = 933.00
  Iteration = 9340000 	 time = 934.00
  Iteration = 9350000 	 time = 935.00
  Iteration = 9360000 	 time = 936.00
  Iteration = 9370000 	 time = 937.00
  Iteration = 9380000 	 time = 938.00
  Iteration = 9390000 	 time = 939.00
  Iteration = 9400000 	 time = 940.00
  Iteration = 9410000 	 time = 941.00
  Iteration = 9420000 	 time = 942.00
  Iteration = 9430000 	 time = 943.00
  Iteration = 9440000 	 time = 944.00
  Iteration = 9450000 	 time = 945.00
  Iteration = 9460000 	 time = 946.00
  Iteration = 9470000 	 time = 947.00
  Iteration = 9480000 	 time = 948.00
  Iteration = 9490000 	 time = 949.00
  Iteration = 9500000 	 time = 950.00
  Iteration = 9510000 	 time = 951.00
  Iteration = 9520000 	 time = 952.00
  Iteration = 9530000 	 time = 953.00
  Iteration = 9540000 	 time = 954.00
  Iteration = 9550000 	 time = 955.00
  Iteration = 9560000 	 time = 956.00
  Iteration = 9570000 	 time = 957.00
  Iteration = 9580000 	 time = 958.00
  Iteration = 9590000 	 time = 959.00
  Iteration = 9600000 	 time = 960.00
  Iteration = 9610000 	 time = 961.00
  Iteration = 9620000 	 time = 962.00
  Iteration = 9630000 	 time = 963.00
  Iteration = 9640000 	 time = 964.00
  Iteration = 9650000 	 time = 965.00
  Iteration = 9660000 	 time = 966.00
  Iteration = 9670000 	 time = 967.00
  Iteration = 9680000 	 time = 968.00
  Iteration = 9690000 	 time = 969.00
  Iteration = 9700000 	 time = 970.00
  Iteration = 9710000 	 time = 971.00
  Iteration = 9720000 	 time = 972.00
  Iteration = 9730000 	 time = 973.00
  Iteration = 9740000 	 time = 974.00
  Iteration = 9750000 	 time = 975.00
  Iteration = 9760000 	 time = 976.00
  Iteration = 9770000 	 time = 977.00
  Iteration = 9780000 	 time = 978.00
  Iteration = 9790000 	 time = 979.00
  Iteration = 9800000 	 time = 980.00
  Iteration = 9810000 	 time = 981.00
  Iteration = 9820000 	 time = 982.00
  Iteration = 9830000 	 time = 983.00
  Iteration = 9840000 	 time = 984.00
  Iteration = 9850000 	 time = 985.00
  Iteration = 9860000 	 time = 986.00
  Iteration = 9870000 	 time = 987.00
  Iteration = 9880000 	 time = 988.00
  Iteration = 9890000 	 time = 989.00
  Iteration = 9900000 	 time = 990.00
  Iteration = 9910000 	 time = 991.00
  Iteration = 9920000 	 time = 992.00
  Iteration = 9930000 	 time = 993.00
  Iteration = 9940000 	 time = 994.00
  Iteration = 9950000 	 time = 995.00
  Iteration = 9960000 	 time = 996.00
  Iteration = 9970000 	 time = 997.00
  Iteration = 9980000 	 time = 998.00
  Iteration = 9990000 	 time = 999.00
  Iteration = 10000000 	 time = 1000.00
  Iteration = 10010000 	 time = 1001.00
  Iteration = 10020000 	 time = 1002.00
  Iteration = 10030000 	 time = 1003.00
  Iteration = 10040000 	 time = 1004.00
  Iteration = 10050000 	 time = 1005.00
  Iteration = 10060000 	 time = 1006.00
  Iteration = 10070000 	 time = 1007.00
  Iteration = 10080000 	 time = 1008.00
  Iteration = 10090000 	 time = 1009.00
  Iteration = 10100000 	 time = 1010.00
  Iteration = 10110000 	 time = 1011.00
  Iteration = 10120000 	 time = 1012.00
  Iteration = 10130000 	 time = 1013.00
  Iteration = 10140000 	 time = 1014.00
  Iteration = 10150000 	 time = 1015.00
  Iteration = 10160000 	 time = 1016.00
  Iteration = 10170000 	 time = 1017.00
  Iteration = 10180000 	 time = 1018.00
  Iteration = 10190000 	 time = 1019.00
  Iteration = 10200000 	 time = 1020.00
  Iteration = 10210000 	 time = 1021.00
  Iteration = 10220000 	 time = 1022.00
  Iteration = 10230000 	 time = 1023.00
  Iteration = 10240000 	 time = 1024.00
  Iteration = 10250000 	 time = 1025.00
  Iteration = 10260000 	 time = 1026.00
  Iteration = 10270000 	 time = 1027.00
  Iteration = 10280000 	 time = 1028.00
  Iteration = 10290000 	 time = 1029.00
  Iteration = 10300000 	 time = 1030.00
  Iteration = 10310000 	 time = 1031.00
  Iteration = 10320000 	 time = 1032.00
  Iteration = 10330000 	 time = 1033.00
  Iteration = 10340000 	 time = 1034.00
  Iteration = 10350000 	 time = 1035.00
  Iteration = 10360000 	 time = 1036.00
  Iteration = 10370000 	 time = 1037.00
  Iteration = 10380000 	 time = 1038.00
  Iteration = 10390000 	 time = 1039.00
  Iteration = 10400000 	 time = 1040.00
  Iteration = 10410000 	 time = 1041.00
  Iteration = 10420000 	 time = 1042.00
  Iteration = 10430000 	 time = 1043.00
  Iteration = 10440000 	 time = 1044.00
  Iteration = 10450000 	 time = 1045.00
  Iteration = 10460000 	 time = 1046.00
  Iteration = 10470000 	 time = 1047.00
  Iteration = 10480000 	 time = 1048.00
  Iteration = 10490000 	 time = 1049.00
  Iteration = 10500000 	 time = 1050.00
  Iteration = 10510000 	 time = 1051.00
  Iteration = 10520000 	 time = 1052.00
  Iteration = 10530000 	 time = 1053.00
  Iteration = 10540000 	 time = 1054.00
  Iteration = 10550000 	 time = 1055.00
  Iteration = 10560000 	 time = 1056.00
  Iteration = 10570000 	 time = 1057.00
  Iteration = 10580000 	 time = 1058.00
  Iteration = 10590000 	 time = 1059.00
  Iteration = 10600000 	 time = 1060.00
  Iteration = 10610000 	 time = 1061.00
  Iteration = 10620000 	 time = 1062.00
  Iteration = 10630000 	 time = 1063.00
  Iteration = 10640000 	 time = 1064.00
  Iteration = 10650000 	 time = 1065.00
  Iteration = 10660000 	 time = 1066.00
  Iteration = 10670000 	 time = 1067.00
  Iteration = 10680000 	 time = 1068.00
  Iteration = 10690000 	 time = 1069.00
  Iteration = 10700000 	 time = 1070.00
  Iteration = 10710000 	 time = 1071.00
  Iteration = 10720000 	 time = 1072.00
  Iteration = 10730000 	 time = 1073.00
  Iteration = 10740000 	 time = 1074.00
  Iteration = 10750000 	 time = 1075.00
  Iteration = 10760000 	 time = 1076.00
  Iteration = 10770000 	 time = 1077.00
  Iteration = 10780000 	 time = 1078.00
  Iteration = 10790000 	 time = 1079.00
  Iteration = 10800000 	 time = 1080.00
  Iteration = 10810000 	 time = 1081.00
  Iteration = 10820000 	 time = 1082.00
  Iteration = 10830000 	 time = 1083.00
  Iteration = 10840000 	 time = 1084.00
  Iteration = 10850000 	 time = 1085.00
  Iteration = 10860000 	 time = 1086.00
  Iteration = 10870000 	 time = 1087.00
  Iteration = 10880000 	 time = 1088.00
  Iteration = 10890000 	 time = 1089.00
  Iteration = 10900000 	 time = 1090.00
  Iteration = 10910000 	 time = 1091.00
  Iteration = 10920000 	 time = 1092.00
  Iteration = 10930000 	 time = 1093.00
  Iteration = 10940000 	 time = 1094.00
  Iteration = 10950000 	 time = 1095.00
  Iteration = 10960000 	 time = 1096.00
  Iteration = 10970000 	 time = 1097.00
  Iteration = 10980000 	 time = 1098.00
  Iteration = 10990000 	 time = 1099.00
  Iteration = 11000000 	 time = 1100.00
  Iteration = 11010000 	 time = 1101.00
  Iteration = 11020000 	 time = 1102.00
  Iteration = 11030000 	 time = 1103.00
  Iteration = 11040000 	 time = 1104.00
  Iteration = 11050000 	 time = 1105.00
  Iteration = 11060000 	 time = 1106.00
  Iteration = 11070000 	 time = 1107.00
  Iteration = 11080000 	 time = 1108.00
  Iteration = 11090000 	 time = 1109.00
  Iteration = 11100000 	 time = 1110.00
  Iteration = 11110000 	 time = 1111.00
  Iteration = 11120000 	 time = 1112.00
  Iteration = 11130000 	 time = 1113.00
  Iteration = 11140000 	 time = 1114.00
  Iteration = 11150000 	 time = 1115.00
  Iteration = 11160000 	 time = 1116.00
  Iteration = 11170000 	 time = 1117.00
  Iteration = 11180000 	 time = 1118.00
  Iteration = 11190000 	 time = 1119.00
  Iteration = 11200000 	 time = 1120.00
  Iteration = 11210000 	 time = 1121.00
  Iteration = 11220000 	 time = 1122.00
  Iteration = 11230000 	 time = 1123.00
  Iteration = 11240000 	 time = 1124.00
  Iteration = 11250000 	 time = 1125.00
  Iteration = 11260000 	 time = 1126.00
  Iteration = 11270000 	 time = 1127.00
  Iteration = 11280000 	 time = 1128.00
  Iteration = 11290000 	 time = 1129.00
  Iteration = 11300000 	 time = 1130.00
  Iteration = 11310000 	 time = 1131.00
  Iteration = 11320000 	 time = 1132.00
  Iteration = 11330000 	 time = 1133.00
  Iteration = 11340000 	 time = 1134.00
  Iteration = 11350000 	 time = 1135.00
  Iteration = 11360000 	 time = 1136.00
  Iteration = 11370000 	 time = 1137.00
  Iteration = 11380000 	 time = 1138.00
  Iteration = 11390000 	 time = 1139.00
  Iteration = 11400000 	 time = 1140.00
  Iteration = 11410000 	 time = 1141.00
  Iteration = 11420000 	 time = 1142.00
  Iteration = 11430000 	 time = 1143.00
  Iteration = 11440000 	 time = 1144.00
  Iteration = 11450000 	 time = 1145.00
  Iteration = 11460000 	 time = 1146.00
  Iteration = 11470000 	 time = 1147.00
  Iteration = 11480000 	 time = 1148.00
  Iteration = 11490000 	 time = 1149.00
  Iteration = 11500000 	 time = 1150.00
  Iteration = 11510000 	 time = 1151.00
  Iteration = 11520000 	 time = 1152.00
  Iteration = 11530000 	 time = 1153.00
  Iteration = 11540000 	 time = 1154.00
  Iteration = 11550000 	 time = 1155.00
  Iteration = 11560000 	 time = 1156.00
  Iteration = 11570000 	 time = 1157.00
  Iteration = 11580000 	 time = 1158.00
  Iteration = 11590000 	 time = 1159.00
  Iteration = 11600000 	 time = 1160.00
  Iteration = 11610000 	 time = 1161.00
  Iteration = 11620000 	 time = 1162.00
  Iteration = 11630000 	 time = 1163.00
  Iteration = 11640000 	 time = 1164.00
  Iteration = 11650000 	 time = 1165.00
  Iteration = 11660000 	 time = 1166.00
  Iteration = 11670000 	 time = 1167.00
  Iteration = 11680000 	 time = 1168.00
  Iteration = 11690000 	 time = 1169.00
  Iteration = 11700000 	 time = 1170.00
  Iteration = 11710000 	 time = 1171.00
  Iteration = 11720000 	 time = 1172.00
  Iteration = 11730000 	 time = 1173.00
  Iteration = 11740000 	 time = 1174.00
  Iteration = 11750000 	 time = 1175.00
  Iteration = 11760000 	 time = 1176.00
  Iteration = 11770000 	 time = 1177.00
  Iteration = 11780000 	 time = 1178.00
  Iteration = 11790000 	 time = 1179.00
  Iteration = 11800000 	 time = 1180.00
  Iteration = 11810000 	 time = 1181.00
  Iteration = 11820000 	 time = 1182.00
  Iteration = 11830000 	 time = 1183.00
  Iteration = 11840000 	 time = 1184.00
  Iteration = 11850000 	 time = 1185.00
  Iteration = 11860000 	 time = 1186.00
  Iteration = 11870000 	 time = 1187.00
  Iteration = 11880000 	 time = 1188.00
  Iteration = 11890000 	 time = 1189.00
  Iteration = 11900000 	 time = 1190.00
  Iteration = 11910000 	 time = 1191.00
  Iteration = 11920000 	 time = 1192.00
  Iteration = 11930000 	 time = 1193.00
  Iteration = 11940000 	 time = 1194.00
  Iteration = 11950000 	 time = 1195.00
  Iteration = 11960000 	 time = 1196.00
  Iteration = 11970000 	 time = 1197.00
  Iteration = 11980000 	 time = 1198.00
  Iteration = 11990000 	 time = 1199.00
  Iteration = 12000000 	 time = 1200.00
  Iteration = 12010000 	 time = 1201.00
  Iteration = 12020000 	 time = 1202.00
  Iteration = 12030000 	 time = 1203.00
  Iteration = 12040000 	 time = 1204.00
  Iteration = 12050000 	 time = 1205.00
  Iteration = 12060000 	 time = 1206.00
  Iteration = 12070000 	 time = 1207.00
  Iteration = 12080000 	 time = 1208.00
  Iteration = 12090000 	 time = 1209.00
  Iteration = 12100000 	 time = 1210.00
  Iteration = 12110000 	 time = 1211.00
  Iteration = 12120000 	 time = 1212.00
  Iteration = 12130000 	 time = 1213.00
  Iteration = 12140000 	 time = 1214.00
  Iteration = 12150000 	 time = 1215.00
  Iteration = 12160000 	 time = 1216.00
  Iteration = 12170000 	 time = 1217.00
  Iteration = 12180000 	 time = 1218.00
  Iteration = 12190000 	 time = 1219.00
  Iteration = 12200000 	 time = 1220.00
  Iteration = 12210000 	 time = 1221.00
  Iteration = 12220000 	 time = 1222.00
  Iteration = 12230000 	 time = 1223.00
  Iteration = 12240000 	 time = 1224.00
  Iteration = 12250000 	 time = 1225.00
  Iteration = 12260000 	 time = 1226.00
  Iteration = 12270000 	 time = 1227.00
  Iteration = 12280000 	 time = 1228.00
  Iteration = 12290000 	 time = 1229.00
  Iteration = 12300000 	 time = 1230.00
  Iteration = 12310000 	 time = 1231.00
  Iteration = 12320000 	 time = 1232.00
  Iteration = 12330000 	 time = 1233.00
  Iteration = 12340000 	 time = 1234.00
  Iteration = 12350000 	 time = 1235.00
  Iteration = 12360000 	 time = 1236.00
  Iteration = 12370000 	 time = 1237.00
  Iteration = 12380000 	 time = 1238.00
  Iteration = 12390000 	 time = 1239.00
  Iteration = 12400000 	 time = 1240.00
  Iteration = 12410000 	 time = 1241.00
  Iteration = 12420000 	 time = 1242.00
  Iteration = 12430000 	 time = 1243.00
  Iteration = 12440000 	 time = 1244.00
  Iteration = 12450000 	 time = 1245.00
  Iteration = 12460000 	 time = 1246.00
  Iteration = 12470000 	 time = 1247.00
  Iteration = 12480000 	 time = 1248.00
  Iteration = 12490000 	 time = 1249.00
  Iteration = 12500000 	 time = 1250.00
  Iteration = 12510000 	 time = 1251.00
  Iteration = 12520000 	 time = 1252.00
  Iteration = 12530000 	 time = 1253.00
  Iteration = 12540000 	 time = 1254.00
  Iteration = 12550000 	 time = 1255.00
  Iteration = 12560000 	 time = 1256.00
  Iteration = 12570000 	 time = 1257.00
  Iteration = 12580000 	 time = 1258.00
  Iteration = 12590000 	 time = 1259.00
  Iteration = 12600000 	 time = 1260.00
  Iteration = 12610000 	 time = 1261.00
  Iteration = 12620000 	 time = 1262.00
  Iteration = 12630000 	 time = 1263.00
  Iteration = 12640000 	 time = 1264.00
  Iteration = 12650000 	 time = 1265.00
  Iteration = 12660000 	 time = 1266.00
  Iteration = 12670000 	 time = 1267.00
  Iteration = 12680000 	 time = 1268.00
  Iteration = 12690000 	 time = 1269.00
  Iteration = 12700000 	 time = 1270.00
  Iteration = 12710000 	 time = 1271.00
  Iteration = 12720000 	 time = 1272.00
  Iteration = 12730000 	 time = 1273.00
  Iteration = 12740000 	 time = 1274.00
  Iteration = 12750000 	 time = 1275.00
  Iteration = 12760000 	 time = 1276.00
  Iteration = 12770000 	 time = 1277.00
  Iteration = 12780000 	 time = 1278.00
  Iteration = 12790000 	 time = 1279.00
  Iteration = 12800000 	 time = 1280.00
  Iteration = 12810000 	 time = 1281.00
  Iteration = 12820000 	 time = 1282.00
  Iteration = 12830000 	 time = 1283.00
  Iteration = 12840000 	 time = 1284.00
  Iteration = 12850000 	 time = 1285.00
  Iteration = 12860000 	 time = 1286.00
  Iteration = 12870000 	 time = 1287.00
  Iteration = 12880000 	 time = 1288.00
  Iteration = 12890000 	 time = 1289.00
  Iteration = 12900000 	 time = 1290.00
  Iteration = 12910000 	 time = 1291.00
  Iteration = 12920000 	 time = 1292.00
  Iteration = 12930000 	 time = 1293.00
  Iteration = 12940000 	 time = 1294.00
  Iteration = 12950000 	 time = 1295.00
  Iteration = 12960000 	 time = 1296.00
  Iteration = 12970000 	 time = 1297.00
  Iteration = 12980000 	 time = 1298.00
  Iteration = 12990000 	 time = 1299.00
  Iteration = 13000000 	 time = 1300.00
  Iteration = 13010000 	 time = 1301.00
  Iteration = 13020000 	 time = 1302.00
  Iteration = 13030000 	 time = 1303.00
  Iteration = 13040000 	 time = 1304.00
  Iteration = 13050000 	 time = 1305.00
  Iteration = 13060000 	 time = 1306.00
  Iteration = 13070000 	 time = 1307.00
  Iteration = 13080000 	 time = 1308.00
  Iteration = 13090000 	 time = 1309.00
  Iteration = 13100000 	 time = 1310.00
  Iteration = 13110000 	 time = 1311.00
  Iteration = 13120000 	 time = 1312.00
  Iteration = 13130000 	 time = 1313.00
  Iteration = 13140000 	 time = 1314.00
  Iteration = 13150000 	 time = 1315.00
  Iteration = 13160000 	 time = 1316.00
  Iteration = 13170000 	 time = 1317.00
  Iteration = 13180000 	 time = 1318.00
  Iteration = 13190000 	 time = 1319.00
  Iteration = 13200000 	 time = 1320.00
  Iteration = 13210000 	 time = 1321.00
  Iteration = 13220000 	 time = 1322.00
  Iteration = 13230000 	 time = 1323.00
  Iteration = 13240000 	 time = 1324.00
  Iteration = 13250000 	 time = 1325.00
  Iteration = 13260000 	 time = 1326.00
  Iteration = 13270000 	 time = 1327.00
  Iteration = 13280000 	 time = 1328.00
  Iteration = 13290000 	 time = 1329.00
  Iteration = 13300000 	 time = 1330.00
  Iteration = 13310000 	 time = 1331.00
  Iteration = 13320000 	 time = 1332.00
  Iteration = 13330000 	 time = 1333.00
  Iteration = 13340000 	 time = 1334.00
  Iteration = 13350000 	 time = 1335.00
  Iteration = 13360000 	 time = 1336.00
  Iteration = 13370000 	 time = 1337.00
  Iteration = 13380000 	 time = 1338.00
  Iteration = 13390000 	 time = 1339.00
  Iteration = 13400000 	 time = 1340.00
  Iteration = 13410000 	 time = 1341.00
  Iteration = 13420000 	 time = 1342.00
  Iteration = 13430000 	 time = 1343.00
  Iteration = 13440000 	 time = 1344.00
  Iteration = 13450000 	 time = 1345.00
  Iteration = 13460000 	 time = 1346.00
  Iteration = 13470000 	 time = 1347.00
  Iteration = 13480000 	 time = 1348.00
  Iteration = 13490000 	 time = 1349.00
  Iteration = 13500000 	 time = 1350.00
  Iteration = 13510000 	 time = 1351.00
  Iteration = 13520000 	 time = 1352.00
  Iteration = 13530000 	 time = 1353.00
  Iteration = 13540000 	 time = 1354.00
  Iteration = 13550000 	 time = 1355.00
  Iteration = 13560000 	 time = 1356.00
  Iteration = 13570000 	 time = 1357.00
  Iteration = 13580000 	 time = 1358.00
  Iteration = 13590000 	 time = 1359.00
  Iteration = 13600000 	 time = 1360.00
  Iteration = 13610000 	 time = 1361.00
  Iteration = 13620000 	 time = 1362.00
  Iteration = 13630000 	 time = 1363.00
  Iteration = 13640000 	 time = 1364.00
  Iteration = 13650000 	 time = 1365.00
  Iteration = 13660000 	 time = 1366.00
  Iteration = 13670000 	 time = 1367.00
  Iteration = 13680000 	 time = 1368.00
  Iteration = 13690000 	 time = 1369.00
  Iteration = 13700000 	 time = 1370.00
  Iteration = 13710000 	 time = 1371.00
  Iteration = 13720000 	 time = 1372.00
  Iteration = 13730000 	 time = 1373.00
  Iteration = 13740000 	 time = 1374.00
  Iteration = 13750000 	 time = 1375.00
  Iteration = 13760000 	 time = 1376.00
  Iteration = 13770000 	 time = 1377.00
  Iteration = 13780000 	 time = 1378.00
  Iteration = 13790000 	 time = 1379.00
  Iteration = 13800000 	 time = 1380.00
  Iteration = 13810000 	 time = 1381.00
  Iteration = 13820000 	 time = 1382.00
  Iteration = 13830000 	 time = 1383.00
  Iteration = 13840000 	 time = 1384.00
  Iteration = 13850000 	 time = 1385.00
  Iteration = 13860000 	 time = 1386.00
  Iteration = 13870000 	 time = 1387.00
  Iteration = 13880000 	 time = 1388.00
  Iteration = 13890000 	 time = 1389.00
  Iteration = 13900000 	 time = 1390.00
  Iteration = 13910000 	 time = 1391.00
  Iteration = 13920000 	 time = 1392.00
  Iteration = 13930000 	 time = 1393.00
  Iteration = 13940000 	 time = 1394.00
  Iteration = 13950000 	 time = 1395.00
  Iteration = 13960000 	 time = 1396.00
  Iteration = 13970000 	 time = 1397.00
  Iteration = 13980000 	 time = 1398.00
  Iteration = 13990000 	 time = 1399.00
  Iteration = 14000000 	 time = 1400.00
  Iteration = 14010000 	 time = 1401.00
  Iteration = 14020000 	 time = 1402.00
  Iteration = 14030000 	 time = 1403.00
  Iteration = 14040000 	 time = 1404.00
  Iteration = 14050000 	 time = 1405.00
  Iteration = 14060000 	 time = 1406.00
  Iteration = 14070000 	 time = 1407.00
  Iteration = 14080000 	 time = 1408.00
  Iteration = 14090000 	 time = 1409.00
  Iteration = 14100000 	 time = 1410.00
  Iteration = 14110000 	 time = 1411.00
  Iteration = 14120000 	 time = 1412.00
  Iteration = 14130000 	 time = 1413.00
  Iteration = 14140000 	 time = 1414.00
  Iteration = 14150000 	 time = 1415.00
  Iteration = 14160000 	 time = 1416.00
  Iteration = 14170000 	 time = 1417.00
  Iteration = 14180000 	 time = 1418.00
  Iteration = 14190000 	 time = 1419.00
  Iteration = 14200000 	 time = 1420.00
  Iteration = 14210000 	 time = 1421.00
  Iteration = 14220000 	 time = 1422.00
  Iteration = 14230000 	 time = 1423.00
  Iteration = 14240000 	 time = 1424.00
  Iteration = 14250000 	 time = 1425.00
  Iteration = 14260000 	 time = 1426.00
  Iteration = 14270000 	 time = 1427.00
  Iteration = 14280000 	 time = 1428.00
  Iteration = 14290000 	 time = 1429.00
  Iteration = 14300000 	 time = 1430.00
  Iteration = 14310000 	 time = 1431.00
  Iteration = 14320000 	 time = 1432.00
  Iteration = 14330000 	 time = 1433.00
  Iteration = 14340000 	 time = 1434.00
  Iteration = 14350000 	 time = 1435.00
  Iteration = 14360000 	 time = 1436.00
  Iteration = 14370000 	 time = 1437.00
  Iteration = 14380000 	 time = 1438.00
  Iteration = 14390000 	 time = 1439.00
  Iteration = 14400000 	 time = 1440.00
  Iteration = 14410000 	 time = 1441.00
  Iteration = 14420000 	 time = 1442.00
  Iteration = 14430000 	 time = 1443.00
  Iteration = 14440000 	 time = 1444.00
  Iteration = 14450000 	 time = 1445.00
  Iteration = 14460000 	 time = 1446.00
  Iteration = 14470000 	 time = 1447.00
  Iteration = 14480000 	 time = 1448.00
  Iteration = 14490000 	 time = 1449.00
  Iteration = 14500000 	 time = 1450.00
  Iteration = 14510000 	 time = 1451.00
  Iteration = 14520000 	 time = 1452.00
  Iteration = 14530000 	 time = 1453.00
  Iteration = 14540000 	 time = 1454.00
  Iteration = 14550000 	 time = 1455.00
  Iteration = 14560000 	 time = 1456.00
  Iteration = 14570000 	 time = 1457.00
  Iteration = 14580000 	 time = 1458.00
  Iteration = 14590000 	 time = 1459.00
  Iteration = 14600000 	 time = 1460.00
  Iteration = 14610000 	 time = 1461.00
  Iteration = 14620000 	 time = 1462.00
  Iteration = 14630000 	 time = 1463.00
  Iteration = 14640000 	 time = 1464.00
  Iteration = 14650000 	 time = 1465.00
  Iteration = 14660000 	 time = 1466.00
  Iteration = 14670000 	 time = 1467.00
  Iteration = 14680000 	 time = 1468.00
  Iteration = 14690000 	 time = 1469.00
  Iteration = 14700000 	 time = 1470.00
  Iteration = 14710000 	 time = 1471.00
  Iteration = 14720000 	 time = 1472.00
  Iteration = 14730000 	 time = 1473.00
  Iteration = 14740000 	 time = 1474.00
  Iteration = 14750000 	 time = 1475.00
  Iteration = 14760000 	 time = 1476.00
  Iteration = 14770000 	 time = 1477.00
  Iteration = 14780000 	 time = 1478.00
  Iteration = 14790000 	 time = 1479.00
  Iteration = 14800000 	 time = 1480.00
  Iteration = 14810000 	 time = 1481.00
  Iteration = 14820000 	 time = 1482.00
  Iteration = 14830000 	 time = 1483.00
  Iteration = 14840000 	 time = 1484.00
  Iteration = 14850000 	 time = 1485.00
  Iteration = 14860000 	 time = 1486.00
  Iteration = 14870000 	 time = 1487.00
  Iteration = 14880000 	 time = 1488.00
  Iteration = 14890000 	 time = 1489.00
  Iteration = 14900000 	 time = 1490.00
  Iteration = 14910000 	 time = 1491.00
  Iteration = 14920000 	 time = 1492.00
  Iteration = 14930000 	 time = 1493.00
  Iteration = 14940000 	 time = 1494.00
  Iteration = 14950000 	 time = 1495.00
  Iteration = 14960000 	 time = 1496.00
  Iteration = 14970000 	 time = 1497.00
  Iteration = 14980000 	 time = 1498.00
  Iteration = 14990000 	 time = 1499.00
  Iteration = 15000000 	 time = 1500.00
  Iteration = 15010000 	 time = 1501.00
  Iteration = 15020000 	 time = 1502.00
  Iteration = 15030000 	 time = 1503.00
  Iteration = 15040000 	 time = 1504.00
  Iteration = 15050000 	 time = 1505.00
  Iteration = 15060000 	 time = 1506.00
  Iteration = 15070000 	 time = 1507.00
  Iteration = 15080000 	 time = 1508.00
  Iteration = 15090000 	 time = 1509.00
  Iteration = 15100000 	 time = 1510.00
  Iteration = 15110000 	 time = 1511.00
  Iteration = 15120000 	 time = 1512.00
  Iteration = 15130000 	 time = 1513.00
  Iteration = 15140000 	 time = 1514.00
  Iteration = 15150000 	 time = 1515.00
  Iteration = 15160000 	 time = 1516.00
  Iteration = 15170000 	 time = 1517.00
  Iteration = 15180000 	 time = 1518.00
  Iteration = 15190000 	 time = 1519.00
  Iteration = 15200000 	 time = 1520.00
  Iteration = 15210000 	 time = 1521.00
  Iteration = 15220000 	 time = 1522.00
  Iteration = 15230000 	 time = 1523.00
  Iteration = 15240000 	 time = 1524.00
  Iteration = 15250000 	 time = 1525.00
  Iteration = 15260000 	 time = 1526.00
  Iteration = 15270000 	 time = 1527.00
  Iteration = 15280000 	 time = 1528.00
  Iteration = 15290000 	 time = 1529.00
  Iteration = 15300000 	 time = 1530.00
  Iteration = 15310000 	 time = 1531.00
  Iteration = 15320000 	 time = 1532.00
  Iteration = 15330000 	 time = 1533.00
  Iteration = 15340000 	 time = 1534.00
  Iteration = 15350000 	 time = 1535.00
  Iteration = 15360000 	 time = 1536.00
  Iteration = 15370000 	 time = 1537.00
  Iteration = 15380000 	 time = 1538.00
  Iteration = 15390000 	 time = 1539.00
  Iteration = 15400000 	 time = 1540.00
  Iteration = 15410000 	 time = 1541.00
  Iteration = 15420000 	 time = 1542.00
  Iteration = 15430000 	 time = 1543.00
  Iteration = 15440000 	 time = 1544.00
  Iteration = 15450000 	 time = 1545.00
  Iteration = 15460000 	 time = 1546.00
  Iteration = 15470000 	 time = 1547.00
  Iteration = 15480000 	 time = 1548.00
  Iteration = 15490000 	 time = 1549.00
  Iteration = 15500000 	 time = 1550.00
  Iteration = 15510000 	 time = 1551.00
  Iteration = 15520000 	 time = 1552.00
  Iteration = 15530000 	 time = 1553.00
  Iteration = 15540000 	 time = 1554.00
  Iteration = 15550000 	 time = 1555.00
  Iteration = 15560000 	 time = 1556.00
  Iteration = 15570000 	 time = 1557.00
  Iteration = 15580000 	 time = 1558.00
  Iteration = 15590000 	 time = 1559.00
  Iteration = 15600000 	 time = 1560.00
  Iteration = 15610000 	 time = 1561.00
  Iteration = 15620000 	 time = 1562.00
  Iteration = 15630000 	 time = 1563.00
  Iteration = 15640000 	 time = 1564.00
  Iteration = 15650000 	 time = 1565.00
  Iteration = 15660000 	 time = 1566.00
  Iteration = 15670000 	 time = 1567.00
  Iteration = 15680000 	 time = 1568.00
  Iteration = 15690000 	 time = 1569.00
  Iteration = 15700000 	 time = 1570.00
  Iteration = 15710000 	 time = 1571.00
  Iteration = 15720000 	 time = 1572.00
  Iteration = 15730000 	 time = 1573.00
  Iteration = 15740000 	 time = 1574.00
  Iteration = 15750000 	 time = 1575.00
  Iteration = 15760000 	 time = 1576.00
  Iteration = 15770000 	 time = 1577.00
  Iteration = 15780000 	 time = 1578.00
  Iteration = 15790000 	 time = 1579.00
  Iteration = 15800000 	 time = 1580.00
  Iteration = 15810000 	 time = 1581.00
  Iteration = 15820000 	 time = 1582.00
  Iteration = 15830000 	 time = 1583.00
  Iteration = 15840000 	 time = 1584.00
  Iteration = 15850000 	 time = 1585.00
  Iteration = 15860000 	 time = 1586.00
  Iteration = 15870000 	 time = 1587.00
  Iteration = 15880000 	 time = 1588.00
  Iteration = 15890000 	 time = 1589.00
  Iteration = 15900000 	 time = 1590.00
  Iteration = 15910000 	 time = 1591.00
  Iteration = 15920000 	 time = 1592.00
  Iteration = 15930000 	 time = 1593.00
  Iteration = 15940000 	 time = 1594.00
  Iteration = 15950000 	 time = 1595.00
  Iteration = 15960000 	 time = 1596.00
  Iteration = 15970000 	 time = 1597.00
  Iteration = 15980000 	 time = 1598.00
  Iteration = 15990000 	 time = 1599.00
  Iteration = 16000000 	 time = 1600.00
  Iteration = 16010000 	 time = 1601.00
  Iteration = 16020000 	 time = 1602.00
  Iteration = 16030000 	 time = 1603.00
  Iteration = 16040000 	 time = 1604.00
  Iteration = 16050000 	 time = 1605.00
  Iteration = 16060000 	 time = 1606.00
  Iteration = 16070000 	 time = 1607.00
  Iteration = 16080000 	 time = 1608.00
  Iteration = 16090000 	 time = 1609.00
  Iteration = 16100000 	 time = 1610.00
  Iteration = 16110000 	 time = 1611.00
  Iteration = 16120000 	 time = 1612.00
  Iteration = 16130000 	 time = 1613.00
  Iteration = 16140000 	 time = 1614.00
  Iteration = 16150000 	 time = 1615.00
  Iteration = 16160000 	 time = 1616.00
  Iteration = 16170000 	 time = 1617.00
  Iteration = 16180000 	 time = 1618.00
  Iteration = 16190000 	 time = 1619.00
  Iteration = 16200000 	 time = 1620.00
  Iteration = 16210000 	 time = 1621.00
  Iteration = 16220000 	 time = 1622.00
  Iteration = 16230000 	 time = 1623.00
  Iteration = 16240000 	 time = 1624.00
  Iteration = 16250000 	 time = 1625.00
  Iteration = 16260000 	 time = 1626.00
  Iteration = 16270000 	 time = 1627.00
  Iteration = 16280000 	 time = 1628.00
  Iteration = 16290000 	 time = 1629.00
  Iteration = 16300000 	 time = 1630.00
  Iteration = 16310000 	 time = 1631.00
  Iteration = 16320000 	 time = 1632.00
  Iteration = 16330000 	 time = 1633.00
  Iteration = 16340000 	 time = 1634.00
  Iteration = 16350000 	 time = 1635.00
  Iteration = 16360000 	 time = 1636.00
  Iteration = 16370000 	 time = 1637.00
  Iteration = 16380000 	 time = 1638.00
  Iteration = 16390000 	 time = 1639.00
  Iteration = 16400000 	 time = 1640.00
  Iteration = 16410000 	 time = 1641.00
  Iteration = 16420000 	 time = 1642.00
  Iteration = 16430000 	 time = 1643.00
  Iteration = 16440000 	 time = 1644.00
  Iteration = 16450000 	 time = 1645.00
  Iteration = 16460000 	 time = 1646.00
  Iteration = 16470000 	 time = 1647.00
  Iteration = 16480000 	 time = 1648.00
  Iteration = 16490000 	 time = 1649.00
  Iteration = 16500000 	 time = 1650.00
  Iteration = 16510000 	 time = 1651.00
  Iteration = 16520000 	 time = 1652.00
  Iteration = 16530000 	 time = 1653.00
  Iteration = 16540000 	 time = 1654.00
  Iteration = 16550000 	 time = 1655.00
  Iteration = 16560000 	 time = 1656.00
  Iteration = 16570000 	 time = 1657.00
  Iteration = 16580000 	 time = 1658.00
  Iteration = 16590000 	 time = 1659.00
  Iteration = 16600000 	 time = 1660.00
  Iteration = 16610000 	 time = 1661.00
  Iteration = 16620000 	 time = 1662.00
  Iteration = 16630000 	 time = 1663.00
  Iteration = 16640000 	 time = 1664.00
  Iteration = 16650000 	 time = 1665.00
  Iteration = 16660000 	 time = 1666.00
  Iteration = 16670000 	 time = 1667.00
  Iteration = 16680000 	 time = 1668.00
  Iteration = 16690000 	 time = 1669.00
  Iteration = 16700000 	 time = 1670.00
  Iteration = 16710000 	 time = 1671.00
  Iteration = 16720000 	 time = 1672.00
  Iteration = 16730000 	 time = 1673.00
  Iteration = 16740000 	 time = 1674.00
  Iteration = 16750000 	 time = 1675.00
  Iteration = 16760000 	 time = 1676.00
  Iteration = 16770000 	 time = 1677.00
  Iteration = 16780000 	 time = 1678.00
  Iteration = 16790000 	 time = 1679.00
  Iteration = 16800000 	 time = 1680.00
  Iteration = 16810000 	 time = 1681.00
  Iteration = 16820000 	 time = 1682.00
  Iteration = 16830000 	 time = 1683.00
  Iteration = 16840000 	 time = 1684.00
  Iteration = 16850000 	 time = 1685.00
  Iteration = 16860000 	 time = 1686.00
  Iteration = 16870000 	 time = 1687.00
  Iteration = 16880000 	 time = 1688.00
  Iteration = 16890000 	 time = 1689.00
  Iteration = 16900000 	 time = 1690.00
  Iteration = 16910000 	 time = 1691.00
  Iteration = 16920000 	 time = 1692.00
  Iteration = 16930000 	 time = 1693.00
  Iteration = 16940000 	 time = 1694.00
  Iteration = 16950000 	 time = 1695.00
  Iteration = 16960000 	 time = 1696.00
  Iteration = 16970000 	 time = 1697.00
  Iteration = 16980000 	 time = 1698.00
  Iteration = 16990000 	 time = 1699.00
  Iteration = 17000000 	 time = 1700.00
  Iteration = 17010000 	 time = 1701.00
  Iteration = 17020000 	 time = 1702.00
  Iteration = 17030000 	 time = 1703.00
  Iteration = 17040000 	 time = 1704.00
  Iteration = 17050000 	 time = 1705.00
  Iteration = 17060000 	 time = 1706.00
  Iteration = 17070000 	 time = 1707.00
  Iteration = 17080000 	 time = 1708.00
  Iteration = 17090000 	 time = 1709.00
  Iteration = 17100000 	 time = 1710.00
  Iteration = 17110000 	 time = 1711.00
  Iteration = 17120000 	 time = 1712.00
  Iteration = 17130000 	 time = 1713.00
  Iteration = 17140000 	 time = 1714.00
  Iteration = 17150000 	 time = 1715.00
  Iteration = 17160000 	 time = 1716.00
  Iteration = 17170000 	 time = 1717.00
  Iteration = 17180000 	 time = 1718.00
  Iteration = 17190000 	 time = 1719.00
  Iteration = 17200000 	 time = 1720.00
  Iteration = 17210000 	 time = 1721.00
  Iteration = 17220000 	 time = 1722.00
  Iteration = 17230000 	 time = 1723.00
  Iteration = 17240000 	 time = 1724.00
  Iteration = 17250000 	 time = 1725.00
  Iteration = 17260000 	 time = 1726.00
  Iteration = 17270000 	 time = 1727.00
  Iteration = 17280000 	 time = 1728.00
  Iteration = 17290000 	 time = 1729.00
  Iteration = 17300000 	 time = 1730.00
  Iteration = 17310000 	 time = 1731.00
  Iteration = 17320000 	 time = 1732.00
  Iteration = 17330000 	 time = 1733.00
  Iteration = 17340000 	 time = 1734.00
  Iteration = 17350000 	 time = 1735.00
  Iteration = 17360000 	 time = 1736.00
  Iteration = 17370000 	 time = 1737.00
  Iteration = 17380000 	 time = 1738.00
  Iteration = 17390000 	 time = 1739.00
  Iteration = 17400000 	 time = 1740.00
  Iteration = 17410000 	 time = 1741.00
  Iteration = 17420000 	 time = 1742.00
  Iteration = 17430000 	 time = 1743.00
  Iteration = 17440000 	 time = 1744.00
  Iteration = 17450000 	 time = 1745.00
  Iteration = 17460000 	 time = 1746.00
  Iteration = 17470000 	 time = 1747.00
  Iteration = 17480000 	 time = 1748.00
  Iteration = 17490000 	 time = 1749.00
  Iteration = 17500000 	 time = 1750.00
  Iteration = 17510000 	 time = 1751.00
  Iteration = 17520000 	 time = 1752.00
  Iteration = 17530000 	 time = 1753.00
  Iteration = 17540000 	 time = 1754.00
  Iteration = 17550000 	 time = 1755.00
  Iteration = 17560000 	 time = 1756.00
  Iteration = 17570000 	 time = 1757.00
  Iteration = 17580000 	 time = 1758.00
  Iteration = 17590000 	 time = 1759.00
  Iteration = 17600000 	 time = 1760.00
  Iteration = 17610000 	 time = 1761.00
  Iteration = 17620000 	 time = 1762.00
  Iteration = 17630000 	 time = 1763.00
  Iteration = 17640000 	 time = 1764.00
  Iteration = 17650000 	 time = 1765.00
  Iteration = 17660000 	 time = 1766.00
  Iteration = 17670000 	 time = 1767.00
  Iteration = 17680000 	 time = 1768.00
  Iteration = 17690000 	 time = 1769.00
  Iteration = 17700000 	 time = 1770.00
  Iteration = 17710000 	 time = 1771.00
  Iteration = 17720000 	 time = 1772.00
  Iteration = 17730000 	 time = 1773.00
  Iteration = 17740000 	 time = 1774.00
  Iteration = 17750000 	 time = 1775.00
  Iteration = 17760000 	 time = 1776.00
  Iteration = 17770000 	 time = 1777.00
  Iteration = 17780000 	 time = 1778.00
  Iteration = 17790000 	 time = 1779.00
  Iteration = 17800000 	 time = 1780.00
  Iteration = 17810000 	 time = 1781.00
  Iteration = 17820000 	 time = 1782.00
  Iteration = 17830000 	 time = 1783.00
  Iteration = 17840000 	 time = 1784.00
  Iteration = 17850000 	 time = 1785.00
  Iteration = 17860000 	 time = 1786.00
  Iteration = 17870000 	 time = 1787.00
  Iteration = 17880000 	 time = 1788.00
  Iteration = 17890000 	 time = 1789.00
  Iteration = 17900000 	 time = 1790.00
  Iteration = 17910000 	 time = 1791.00
  Iteration = 17920000 	 time = 1792.00
  Iteration = 17930000 	 time = 1793.00
  Iteration = 17940000 	 time = 1794.00
  Iteration = 17950000 	 time = 1795.00
  Iteration = 17960000 	 time = 1796.00
  Iteration = 17970000 	 time = 1797.00
  Iteration = 17980000 	 time = 1798.00
  Iteration = 17990000 	 time = 1799.00
  Iteration = 18000000 	 time = 1800.00
  Iteration = 18010000 	 time = 1801.00
  Iteration = 18020000 	 time = 1802.00
  Iteration = 18030000 	 time = 1803.00
  Iteration = 18040000 	 time = 1804.00
  Iteration = 18050000 	 time = 1805.00
  Iteration = 18060000 	 time = 1806.00
  Iteration = 18070000 	 time = 1807.00
  Iteration = 18080000 	 time = 1808.00
  Iteration = 18090000 	 time = 1809.00
  Iteration = 18100000 	 time = 1810.00
  Iteration = 18110000 	 time = 1811.00
  Iteration = 18120000 	 time = 1812.00
  Iteration = 18130000 	 time = 1813.00
  Iteration = 18140000 	 time = 1814.00
  Iteration = 18150000 	 time = 1815.00
  Iteration = 18160000 	 time = 1816.00
  Iteration = 18170000 	 time = 1817.00
  Iteration = 18180000 	 time = 1818.00
  Iteration = 18190000 	 time = 1819.00
  Iteration = 18200000 	 time = 1820.00
slurmstepd: error: *** JOB 10610237 ON gra289 CANCELLED AT 2023-08-31T22:01:19 DUE TO TIME LIMIT ***
